TN:
SF:/home/eladubuntu/Optical-Drone-Navigation/Main.cpp
FN:14,_Z13WriteToVectorPvmmS_
FN:24,_ZL14metersPerPixeldi
FN:32,_ZL17chooseZoomForSpanddi
FN:48,_Z13fetchMapImageRKNSt7__cxx1112basic_stringIcSt11char_traitsIcESaIcEEE
FN:90,_Z10readApiKeyRKNSt7__cxx1112basic_stringIcSt11char_traitsIcESaIcEEE
FN:130,main
FNDA:2567,_Z13WriteToVectorPvmmS_
FNDA:1,_Z10readApiKeyRKNSt7__cxx1112basic_stringIcSt11char_traitsIcESaIcEEE
FNDA:1,main
FNDA:1,_ZL14metersPerPixeldi
FNDA:1,_ZL17chooseZoomForSpanddi
FNDA:3,_Z13fetchMapImageRKNSt7__cxx1112basic_stringIcSt11char_traitsIcESaIcEEE
FNF:6
FNH:6
DA:14,2567
DA:16,2567
DA:17,2567
DA:18,2567
DA:19,2567
DA:20,2567
DA:24,1
DA:26,1
DA:27,1
DA:28,1
DA:32,1
DA:34,1
DA:35,1
DA:36,1
DA:37,1
DA:39,1
DA:40,1
DA:41,0
DA:42,1
DA:43,0
DA:44,1
DA:48,3
DA:50,3
DA:51,3
DA:53,0
DA:54,0
DA:57,3
DA:58,3
DA:59,3
DA:60,3
DA:61,3
DA:63,3
DA:64,3
DA:66,3
DA:68,0
DA:69,0
DA:72,3
DA:74,0
DA:75,0
DA:79,3
DA:80,3
DA:82,3
DA:84,0
DA:87,3
DA:88,3
DA:90,1
DA:91,1
DA:92,1
DA:93,0
DA:94,0
DA:95,0
DA:98,1
DA:99,2
DA:101,2
DA:102,0
DA:106,2
DA:107,1
DA:111,1
DA:112,1
DA:113,1
DA:114,1
DA:117,1
DA:118,1
DA:120,1
DA:121,1
DA:123,2
DA:126,0
DA:127,0
DA:128,1
DA:130,1
DA:133,2
DA:134,1
DA:135,0
DA:136,0
DA:139,1
DA:140,1
DA:141,1
DA:142,1
DA:143,1
DA:144,1
DA:147,1
DA:148,1
DA:149,1
DA:152,1
DA:153,1
DA:154,1
DA:157,1
DA:158,1
DA:161,1
DA:162,1
DA:165,1
DA:166,1
DA:169,1
DA:170,1
DA:173,1
DA:174,1
DA:177,1
DA:178,1
DA:179,1
DA:180,1
DA:181,1
DA:184,1
DA:186,1
DA:187,1
DA:188,1
DA:190,1
DA:191,1
DA:194,1
DA:195,1
DA:197,0
DA:198,0
DA:200,1
DA:204,1
DA:218,1
DA:219,11
DA:221,10
DA:222,10
DA:223,10
DA:224,10
DA:228,1
DA:230,1
DA:231,1
DA:232,1
DA:234,1
DA:235,1
DA:236,1
DA:237,1
DA:238,1
DA:241,1
DA:242,11
DA:244,10
DA:246,1
DA:249,1
DA:250,1
DA:252,0
DA:253,0
DA:255,1
DA:258,1
DA:259,1
DA:262,1
DA:266,1
DA:267,1
DA:270,11
DA:272,10
DA:275,10
DA:276,10
DA:278,10
DA:279,10
DA:281,10
DA:282,10
DA:286,10
DA:287,10
DA:289,10
DA:292,10
DA:295,10
DA:297,10
DA:298,10
DA:299,10
DA:303,1
DA:304,1
DA:307,1
DA:308,11
DA:310,10
DA:311,10
DA:312,10
DA:313,10
DA:315,10
DA:316,10
DA:317,10
DA:318,10
DA:320,1
DA:321,1
DA:324,1
DA:325,1
DA:327,1
DA:329,1
DA:330,1
DA:343,1
DA:346,1
DA:350,1
DA:353,1
DA:354,0
DA:355,1
DA:359,1
DA:360,1
DA:365,1
DA:366,0
DA:367,1
DA:371,1
DA:372,1
DA:377,1
DA:378,1
DA:379,1
DA:382,1
DA:385,6
DA:386,5
DA:387,5
DA:390,5
DA:391,16
DA:392,11
DA:393,11
DA:394,11
DA:395,11
DA:399,1
DA:402,1
DA:404,1
DA:405,1
DA:406,1
DA:408,1
DA:409,1
DA:412,7
DA:413,6
DA:417,1
DA:418,1
DA:421,1
DA:422,13
DA:423,12
DA:426,1
DA:429,1
DA:430,1
DA:431,0
DA:433,1
DA:436,1
DA:437,1
DA:441,1
DA:443,13
DA:445,12
DA:446,12
DA:448,12
DA:449,12
DA:451,12
DA:452,12
DA:456,12
DA:457,12
DA:459,12
DA:462,12
DA:465,12
DA:466,12
DA:467,12
DA:468,12
DA:472,1
DA:473,13
DA:474,12
DA:475,12
DA:476,12
DA:477,12
DA:479,12
DA:480,12
DA:481,12
DA:482,12
DA:484,1
DA:485,1
DA:486,1
DA:489,1
DA:490,1
DA:493,1
DA:494,1
DA:503,1
DA:504,1
LF:259
LH:235
end_of_record
TN:
SF:/home/eladubuntu/Optical-Drone-Navigation/TemplateMatching.cpp
FN:14,_Z15matchCropsOnMapRKN2cv3MatERKSt13unordered_mapISt4pairIddES0_14CoordinateHashSt8equal_toIS5_ESaIS4_IKS5_S0_EEE
FN:140,_ZN15DroneSimulation4stepEdd
FN:174,_ZN15DroneSimulation10updateViewEddiid
FN:196,_ZN15DroneSimulation13latLngToPixelEddddiid
FN:209,_Z25estimatePositionFromImageRKN2cv3MatERKSt6vectorISt4pairIddESaIS5_EERKSt13unordered_mapIS5_S0_14CoordinateHashSt8equal_toIS5_ESaIS4_IKS5_S0_EEE
FN:245,_ZZ25estimatePositionFromImageRKN2cv3MatERKSt6vectorISt4pairIddESaIS5_EERKSt13unordered_mapIS5_S0_14CoordinateHashSt8equal_toIS5_ESaIS4_IKS5_S0_EEEENKUlRKS4_IidESM_E_clESM_SM_
FN:268,_Z24createScoreVisualizationRKSt6vectorISt4pairIidESaIS1_EEi
FN:315,_Z32updateReferenceGridVisualizationRKN2cv3MatERKSt6vectorISt4pairIidESaIS5_EEii
FN:372,_Z18runDroneSimulationRKN2cv3MatERKSt13unordered_mapISt4pairIddES0_14CoordinateHashSt8equal_toIS5_ESaIS4_IKS5_S0_EEEddddddddiid
FN:763,_Z31runDroneSimulationWithWaypointsRKN2cv3MatERKSt13unordered_mapISt4pairIddES0_14CoordinateHashSt8equal_toIS5_ESaIS4_IKS5_S0_EEERKSt6vectorIS5_SaIS5_EEddddiid
FN:1220,_Z27getSmoothedPositionEstimateRKN2cv3MatERKSt6vectorISt4pairIddESaIS5_EERKSt13unordered_mapIS5_S0_14CoordinateHashSt8equal_toIS5_ESaIS4_IKS5_S0_EEERSE_
FN:1253,_ZZ27getSmoothedPositionEstimateRKN2cv3MatERKSt6vectorISt4pairIddESaIS5_EERKSt13unordered_mapIS5_S0_14CoordinateHashSt8equal_toIS5_ESaIS4_IKS5_S0_EEERSE_ENKUlRKT_RKT0_E_clISt5tupleIJidS5_EESU_EEDaSN_SQ_
FN:1287,_Z28estimatePositionWithFeaturesRKN2cv3MatERKSt6vectorISt4pairIddESaIS5_EERKSt13unordered_mapIS5_S0_14CoordinateHashSt8equal_toIS5_ESaIS4_IKS5_S0_EEE
FN:1353,_ZZ28estimatePositionWithFeaturesRKN2cv3MatERKSt6vectorISt4pairIddESaIS5_EERKSt13unordered_mapIS5_S0_14CoordinateHashSt8equal_toIS5_ESaIS4_IKS5_S0_EEEENKUlRKT_RKT0_E_clIS4_IifESS_EEDaSM_SP_
FN:1366,_Z22estimatePositionHybridRKN2cv3MatERKSt6vectorISt4pairIddESaIS5_EERKSt13unordered_mapIS5_S0_14CoordinateHashSt8equal_toIS5_ESaIS4_IKS5_S0_EEERSE_
FNDA:1,_Z18runDroneSimulationRKN2cv3MatERKSt13unordered_mapISt4pairIddES0_14CoordinateHashSt8equal_toIS5_ESaIS4_IKS5_S0_EEEddddddddiid
FNDA:0,_Z27getSmoothedPositionEstimateRKN2cv3MatERKSt6vectorISt4pairIddESaIS5_EERKSt13unordered_mapIS5_S0_14CoordinateHashSt8equal_toIS5_ESaIS4_IKS5_S0_EEERSE_
FNDA:6618,_ZN15DroneSimulation13latLngToPixelEddddiid
FNDA:2,_Z15matchCropsOnMapRKN2cv3MatERKSt13unordered_mapISt4pairIddES0_14CoordinateHashSt8equal_toIS5_ESaIS4_IKS5_S0_EEE
FNDA:4130,_ZZ25estimatePositionFromImageRKN2cv3MatERKSt6vectorISt4pairIddESaIS5_EERKSt13unordered_mapIS5_S0_14CoordinateHashSt8equal_toIS5_ESaIS4_IKS5_S0_EEEENKUlRKS4_IidESM_E_clESM_SM_
FNDA:112,_Z25estimatePositionFromImageRKN2cv3MatERKSt6vectorISt4pairIddESaIS5_EERKSt13unordered_mapIS5_S0_14CoordinateHashSt8equal_toIS5_ESaIS4_IKS5_S0_EEE
FNDA:112,_Z28estimatePositionWithFeaturesRKN2cv3MatERKSt6vectorISt4pairIddESaIS5_EERKSt13unordered_mapIS5_S0_14CoordinateHashSt8equal_toIS5_ESaIS4_IKS5_S0_EEE
FNDA:1,_Z31runDroneSimulationWithWaypointsRKN2cv3MatERKSt13unordered_mapISt4pairIddES0_14CoordinateHashSt8equal_toIS5_ESaIS4_IKS5_S0_EEERKSt6vectorIS5_SaIS5_EEddddiid
FNDA:112,_ZN15DroneSimulation4stepEdd
FNDA:3567,_ZZ28estimatePositionWithFeaturesRKN2cv3MatERKSt6vectorISt4pairIddESaIS5_EERKSt13unordered_mapIS5_S0_14CoordinateHashSt8equal_toIS5_ESaIS4_IKS5_S0_EEEENKUlRKT_RKT0_E_clIS4_IifESS_EEDaSM_SP_
FNDA:0,_Z24createScoreVisualizationRKSt6vectorISt4pairIidESaIS1_EEi
FNDA:112,_ZN15DroneSimulation10updateViewEddiid
FNDA:0,_Z32updateReferenceGridVisualizationRKN2cv3MatERKSt6vectorISt4pairIidESaIS5_EEii
FNDA:112,_Z22estimatePositionHybridRKN2cv3MatERKSt6vectorISt4pairIddESaIS5_EERKSt13unordered_mapIS5_S0_14CoordinateHashSt8equal_toIS5_ESaIS4_IKS5_S0_EEERSE_
FNDA:0,_ZZ27getSmoothedPositionEstimateRKN2cv3MatERKSt6vectorISt4pairIddESaIS5_EERKSt13unordered_mapIS5_S0_14CoordinateHashSt8equal_toIS5_ESaIS4_IKS5_S0_EEERSE_ENKUlRKT_RKT0_E_clISt5tupleIJidS5_EESU_EEDaSN_SQ_
FNF:15
FNH:11
DA:14,2
DA:19,2
DA:22,2
DA:25,24
DA:27,22
DA:28,22
DA:31,22
DA:32,22
DA:35,22
DA:36,22
DA:37,22
DA:38,22
DA:41,22
DA:45,22
DA:46,22
DA:49,22
DA:50,22
DA:53,22
DA:56,22
DA:57,22
DA:58,22
DA:59,22
DA:60,22
DA:63,22
DA:64,22
DA:65,22
DA:66,22
DA:70,22
DA:71,22
DA:72,44
DA:73,22
DA:75,22
DA:78,2
DA:79,2
DA:82,2
DA:84,2
DA:85,2
DA:86,2
DA:88,2
DA:90,2
DA:91,24
DA:93,22
DA:94,22
DA:95,22
DA:97,22
DA:98,22
DA:101,22
DA:102,22
DA:105,22
DA:106,22
DA:108,0
DA:109,0
DA:110,0
DA:113,22
DA:117,22
DA:120,22
DA:124,22
DA:125,22
DA:126,22
DA:128,22
DA:129,22
DA:131,2
DA:132,2
DA:133,2
DA:135,2
DA:136,2
DA:137,2
DA:138,2
DA:140,112
DA:143,112
DA:144,112
DA:145,112
DA:147,112
DA:148,112
DA:151,112
DA:152,0
DA:153,112
DA:154,0
DA:157,112
DA:158,112
DA:160,112
DA:161,112
DA:163,112
DA:164,112
DA:167,112
DA:168,112
DA:171,112
DA:172,112
DA:174,112
DA:177,112
DA:181,112
DA:182,112
DA:184,112
DA:187,112
DA:190,112
DA:192,112
DA:194,112
DA:196,6618
DA:199,6618
DA:200,6618
DA:202,6618
DA:203,6618
DA:205,6618
DA:209,112
DA:215,112
DA:218,1342
DA:220,1230
DA:221,1230
DA:224,1230
DA:225,1230
DA:227,0
DA:231,1230
DA:235,1230
DA:236,1230
DA:239,1230
DA:240,1230
DA:241,1230
DA:244,112
DA:245,4130
DA:246,4130
DA:250,112
DA:251,112
DA:254,112
DA:255,112
DA:257,112
DA:261,0
DA:264,224
DA:265,112
DA:268,0
DA:270,0
DA:273,0
DA:275,0
DA:276,0
DA:277,0
DA:280,0
DA:281,0
DA:282,0
DA:283,0
DA:284,0
DA:286,0
DA:289,0
DA:290,0
DA:291,0
DA:295,0
DA:296,0
DA:297,0
DA:298,0
DA:299,0
DA:302,0
DA:303,0
DA:304,0
DA:305,0
DA:308,0
DA:309,0
DA:311,0
DA:312,0
DA:315,0
DA:321,0
DA:324,0
DA:326,0
DA:327,0
DA:329,0
DA:330,0
DA:331,0
DA:332,0
DA:335,0
DA:336,0
DA:337,0
DA:338,0
DA:339,0
DA:341,0
DA:344,0
DA:345,0
DA:348,0
DA:349,0
DA:350,0
DA:353,0
DA:356,0
DA:358,0
DA:359,0
DA:360,0
DA:361,0
DA:363,0
DA:364,0
DA:365,0
DA:368,0
DA:369,0
DA:372,1
DA:383,1
DA:384,1
DA:385,1
DA:386,1
DA:387,1
DA:388,1
DA:389,0
DA:392,1
DA:393,1
DA:394,1
DA:395,1
DA:396,1
DA:401,1
DA:404,1
DA:405,1
DA:406,1
DA:409,1
DA:412,1
DA:413,11
DA:414,10
DA:418,1
DA:419,1
DA:422,1
DA:423,1
DA:426,1
DA:427,1
DA:428,1
DA:431,1
DA:432,1
DA:434,1
DA:438,1
DA:439,1
DA:440,1
DA:441,1
DA:444,57
DA:447,57
DA:450,57
DA:451,57
DA:454,57
DA:455,57
DA:457,57
DA:458,57
DA:461,57
DA:462,56
DA:463,112
DA:464,56
DA:465,112
DA:466,56
DA:470,57
DA:471,57
DA:474,57
DA:475,57
DA:476,57
DA:478,57
DA:479,57
DA:480,57
DA:481,57
DA:482,57
DA:483,57
DA:484,57
DA:485,57
DA:486,57
DA:489,57
DA:492,57
DA:495,57
DA:496,1767
DA:497,1710
DA:500,1710
DA:501,1710
DA:504,1710
DA:505,1710
DA:506,1710
DA:507,1710
DA:511,57
DA:512,1710
DA:514,1653
DA:518,1653
DA:519,1653
DA:522,1653
DA:523,1653
DA:524,1653
DA:525,1653
DA:529,1710
DA:530,1653
DA:531,3306
DA:535,1653
DA:537,1596
DA:538,3192
DA:543,57
DA:544,57
DA:545,57
DA:549,57
DA:550,57
DA:551,57
DA:555,57
DA:556,57
DA:557,57
DA:560,57
DA:561,57
DA:562,57
DA:563,57
DA:564,57
DA:567,57
DA:568,57
DA:569,57
DA:570,57
DA:573,57
DA:574,57
DA:575,57
DA:577,57
DA:578,57
DA:581,57
DA:584,57
DA:585,57
DA:586,57
DA:587,57
DA:588,57
DA:589,57
DA:590,57
DA:591,57
DA:592,57
DA:593,57
DA:594,57
DA:595,57
DA:596,57
DA:597,57
DA:598,57
DA:601,57
DA:602,57
DA:605,57
DA:606,57
DA:608,807
DA:609,750
DA:610,750
DA:613,750
DA:614,750
DA:617,750
DA:618,750
DA:619,750
DA:620,750
DA:621,750
DA:624,750
DA:625,750
DA:626,750
DA:627,750
DA:628,750
DA:631,750
DA:632,750
DA:633,750
DA:634,0
DA:635,750
DA:636,0
DA:638,750
DA:640,750
DA:641,750
DA:642,750
DA:646,750
DA:647,750
DA:648,750
DA:651,750
DA:652,750
DA:653,321
DA:654,429
DA:655,429
DA:657,0
DA:659,750
DA:660,750
DA:661,750
DA:665,750
DA:666,750
DA:667,321
DA:668,429
DA:669,429
DA:671,0
DA:673,750
DA:674,750
DA:675,750
DA:679,750
DA:680,750
DA:681,443
DA:682,307
DA:683,307
DA:685,0
DA:687,750
DA:688,750
DA:689,750
DA:693,750
DA:694,693
DA:695,1386
DA:697,750
DA:701,57
DA:702,57
DA:703,57
DA:704,57
DA:707,57
DA:708,57
DA:712,114
DA:713,114
DA:714,57
DA:715,57
DA:716,114
DA:719,57
DA:722,57
DA:723,57
DA:724,57
DA:726,0
DA:730,57
DA:731,57
DA:732,57
DA:735,57
DA:736,57
DA:737,57
DA:739,57
DA:741,1
DA:742,1
DA:746,56
DA:747,56
DA:751,62
DA:754,1
DA:755,1
DA:757,1
DA:758,1
DA:759,1
DA:760,1
DA:763,1
DA:772,1
DA:773,0
DA:774,0
DA:778,1
DA:779,1
DA:780,1
DA:781,1
DA:782,1
DA:785,1
DA:786,1
DA:789,1
DA:790,1
DA:791,1
DA:792,1
DA:793,1
DA:794,1
DA:796,1
DA:797,0
DA:803,1
DA:806,1
DA:807,1
DA:808,1
DA:809,1
DA:812,1
DA:813,13
DA:814,12
DA:818,1
DA:819,1
DA:822,1
DA:823,1
DA:826,1
DA:827,1
DA:828,1
DA:831,1
DA:834,1
DA:835,7
DA:836,6
DA:838,6
DA:841,6
DA:842,6
DA:843,6
DA:844,6
DA:848,1
DA:851,55
DA:854,55
DA:855,55
DA:856,55
DA:858,55
DA:859,55
DA:860,55
DA:861,55
DA:864,55
DA:865,5
DA:868,5
DA:869,4
DA:870,4
DA:872,4
DA:873,4
DA:874,4
DA:875,4
DA:876,4
DA:877,4
DA:878,2
DA:881,4
DA:883,4
DA:884,4
DA:890,55
DA:893,55
DA:894,55
DA:897,55
DA:898,55
DA:900,55
DA:901,55
DA:904,55
DA:905,54
DA:906,108
DA:907,54
DA:908,108
DA:909,54
DA:913,55
DA:914,55
DA:917,55
DA:918,55
DA:919,55
DA:921,55
DA:922,55
DA:923,55
DA:924,55
DA:925,55
DA:926,55
DA:927,55
DA:928,55
DA:929,55
DA:930,55
DA:933,55
DA:936,55
DA:939,55
DA:940,1650
DA:941,1595
DA:943,1595
DA:946,1595
DA:947,1595
DA:948,1595
DA:949,1595
DA:953,55
DA:954,1595
DA:955,1540
DA:957,1540
DA:960,1540
DA:961,1540
DA:962,1540
DA:963,1540
DA:967,330
DA:968,275
DA:969,550
DA:973,1595
DA:974,1540
DA:975,3080
DA:979,1540
DA:980,1485
DA:981,2970
DA:985,385
DA:986,330
DA:987,330
DA:989,330
DA:990,55
DA:991,55
DA:992,275
DA:993,55
DA:994,55
DA:995,220
DA:996,94
DA:997,126
DA:998,51
DA:999,51
DA:1001,75
DA:1004,330
DA:1005,330
DA:1009,55
DA:1010,55
DA:1011,55
DA:1015,55
DA:1016,55
DA:1017,55
DA:1021,55
DA:1022,55
DA:1023,55
DA:1024,55
DA:1025,55
DA:1028,55
DA:1029,55
DA:1030,55
DA:1031,55
DA:1034,55
DA:1035,55
DA:1036,55
DA:1038,55
DA:1039,55
DA:1040,55
DA:1042,55
DA:1043,55
DA:1046,55
DA:1049,55
DA:1050,55
DA:1051,55
DA:1052,55
DA:1053,55
DA:1054,55
DA:1055,55
DA:1056,55
DA:1057,55
DA:1058,55
DA:1059,55
DA:1060,55
DA:1061,55
DA:1062,55
DA:1063,55
DA:1066,55
DA:1067,55
DA:1070,55
DA:1071,55
DA:1073,775
DA:1074,720
DA:1075,720
DA:1078,720
DA:1079,720
DA:1082,720
DA:1083,720
DA:1084,720
DA:1085,720
DA:1086,720
DA:1089,720
DA:1090,720
DA:1091,720
DA:1092,720
DA:1093,720
DA:1096,720
DA:1097,720
DA:1098,720
DA:1099,0
DA:1100,720
DA:1101,0
DA:1103,720
DA:1105,720
DA:1106,720
DA:1107,720
DA:1111,720
DA:1112,720
DA:1113,720
DA:1116,720
DA:1117,720
DA:1118,222
DA:1119,498
DA:1120,498
DA:1122,0
DA:1124,720
DA:1125,720
DA:1126,720
DA:1130,720
DA:1131,720
DA:1132,304
DA:1133,416
DA:1134,416
DA:1136,0
DA:1138,720
DA:1139,720
DA:1140,720
DA:1144,720
DA:1145,720
DA:1146,380
DA:1147,340
DA:1148,340
DA:1150,0
DA:1152,720
DA:1153,720
DA:1154,720
DA:1158,720
DA:1159,665
DA:1160,1330
DA:1162,720
DA:1166,55
DA:1167,55
DA:1168,55
DA:1169,55
DA:1172,55
DA:1173,55
DA:1177,110
DA:1178,110
DA:1179,55
DA:1180,55
DA:1181,110
DA:1184,55
DA:1187,55
DA:1188,55
DA:1189,55
DA:1191,0
DA:1195,55
DA:1196,55
DA:1197,55
DA:1200,55
DA:1201,1
DA:1202,1
DA:1206,54
DA:1207,54
DA:1210,60
DA:1212,1
DA:1213,1
DA:1214,1
DA:1215,1
DA:1216,1
DA:1217,1
DA:1220,0
DA:1227,0
DA:1230,0
DA:1231,0
DA:1232,0
DA:1235,0
DA:1236,0
DA:1237,0
DA:1239,0
DA:1243,0
DA:1244,0
DA:1247,0
DA:1248,0
DA:1249,0
DA:1252,0
DA:1253,0
DA:1254,0
DA:1258,0
DA:1259,0
DA:1260,0
DA:1263,0
DA:1264,0
DA:1265,0
DA:1267,0
DA:1268,0
DA:1269,0
DA:1270,0
DA:1273,0
DA:1274,0
DA:1275,0
DA:1276,0
DA:1279,0
DA:1280,0
DA:1282,0
DA:1284,0
DA:1287,112
DA:1293,112
DA:1296,112
DA:1297,112
DA:1298,112
DA:1300,112
DA:1302,0
DA:1306,112
DA:1307,112
DA:1309,1342
DA:1310,1230
DA:1311,1230
DA:1314,1230
DA:1315,1230
DA:1316,1230
DA:1318,1230
DA:1321,1230
DA:1322,1230
DA:1325,1230
DA:1326,85140
DA:1327,83910
DA:1328,83910
DA:1329,8163
DA:1335,1230
DA:1336,1230
DA:1338,699
DA:1339,8862
DA:1340,8163
DA:1342,699
DA:1345,699
DA:1348,1230
DA:1349,1230
DA:1352,112
DA:1353,3567
DA:1356,112
DA:1357,0
DA:1361,112
DA:1362,112
DA:1363,112
DA:1366,112
DA:1373,112
DA:1374,112
DA:1378,112
DA:1381,112
DA:1382,699
DA:1383,699
DA:1384,112
DA:1385,112
DA:1390,112
DA:1392,9
DA:1394,103
DA:1397,103
DA:1398,103
DA:1402,0
LF:773
LH:653
end_of_record
TN:
SF:/home/eladubuntu/Optical-Drone-Navigation/TemplateMatching.hpp
FN:26,_ZN15DroneSimulationC2EdddddddRKN2cv3MatEi
FN:47,_ZNK15DroneSimulation11getPositionEv
FN:48,_ZNK15DroneSimulation14getCurrentViewEv
FN:50,_ZNK15DroneSimulation13getFlightPathEv
FN:52,_ZN15DroneSimulation10setHeadingEd
FN:57,_ZNK14CoordinateHashclERKSt4pairIddE
FNDA:4,_ZN15DroneSimulation10setHeadingEd
FNDA:2,_ZN15DroneSimulationC2EdddddddRKN2cv3MatEi
FNDA:112,_ZNK15DroneSimulation14getCurrentViewEv
FNDA:1252,_ZNK14CoordinateHashclERKSt4pairIddE
FNDA:568,_ZNK15DroneSimulation11getPositionEv
FNDA:112,_ZNK15DroneSimulation13getFlightPathEv
FNF:6
FNH:6
DA:26,2
DA:30,2
DA:31,2
DA:32,2
DA:33,2
DA:34,2
DA:38,2
DA:41,2
DA:42,2
DA:47,568
DA:48,112
DA:50,112
DA:52,4
DA:57,1252
DA:58,1252
LF:15
LH:15
end_of_record
